<?xml version="1.0" encoding="UTF-8"?>
<!-- Generated by org.testng.reporters.JUnitReportReporter -->
<testsuite skipped="0" hostname="ADMIN-PC" name="com.ap.qa.testcases.OrderPageTest" tests="1" failures="0" timestamp="11 Sep 2020 18:16:47 GMT" time="30.258" errors="0">
  <testcase name="verifyProductNameTest" time="30.258" classname="com.ap.qa.testcases.OrderPageTest"/>
</testsuite> <!-- com.ap.qa.testcases.OrderPageTest -->
