<?xml version="1.0" encoding="UTF-8"?>
<!-- Generated by org.testng.reporters.JUnitReportReporter -->
<testsuite skipped="0" hostname="ADMIN-PC" name="com.ap.qa.testcases.HomePageTest" tests="2" failures="0" timestamp="11 Sep 2020 18:16:47 GMT" time="53.275" errors="0">
  <testcase name="verifyHomePageTitleTest" time="16.924" classname="com.ap.qa.testcases.HomePageTest"/>
  <testcase name="verifytshirtLinkTest" time="36.351" classname="com.ap.qa.testcases.HomePageTest"/>
</testsuite> <!-- com.ap.qa.testcases.HomePageTest -->
